[0.052s] DEBUG:colcon:Command line arguments: ['/usr/bin/colcon', 'list', '-p', '--base-paths', '/home/krel/ros2_ws/src/rs1_lab1']
[0.053s] DEBUG:colcon:Parsed command line arguments: Namespace(log_base=None, log_level=None, verb_name='list', build_base='build', ignore_user_meta=False, metas=['./colcon.meta'], base_paths=['/home/krel/ros2_ws/src/rs1_lab1'], packages_ignore=None, packages_ignore_regex=None, paths=None, packages_up_to=None, packages_up_to_regex=None, packages_above=None, packages_above_and_dependencies=None, packages_above_depth=None, packages_select_by_dep=None, packages_skip_by_dep=None, packages_skip_up_to=None, packages_select_build_failed=False, packages_skip_build_finished=False, packages_select_test_failures=False, packages_skip_test_passed=False, packages_select=None, packages_skip=None, packages_select_regex=None, packages_skip_regex=None, packages_start=None, packages_end=None, allow_overriding=[], topological_order=False, names_only=False, paths_only=True, topological_graph=False, topological_graph_dot=False, topological_graph_density=False, topological_graph_legend=False, topological_graph_dot_cluster=False, topological_graph_dot_include_skipped=False, mixin_files=None, mixin=None, verb_parser=<colcon_mixin.mixin.mixin_argument.MixinArgumentDecorator object at 0x73e8260514b0>, verb_extension=<colcon_package_information.verb.list.ListVerb object at 0x73e826050070>, main=<bound method ListVerb.main of <colcon_package_information.verb.list.ListVerb object at 0x73e826050070>>, mixin_verb=('list',))
[0.141s] Level 1:colcon.colcon_core.package_discovery:discover_packages(colcon_meta) check parameters
[0.141s] Level 1:colcon.colcon_core.package_discovery:discover_packages(recursive) check parameters
[0.141s] Level 1:colcon.colcon_core.package_discovery:discover_packages(ignore) check parameters
[0.141s] Level 1:colcon.colcon_core.package_discovery:discover_packages(path) check parameters
[0.141s] Level 1:colcon.colcon_core.package_discovery:discover_packages(recursive) discover
[0.141s] INFO:colcon.colcon_core.package_discovery:Crawling recursively for packages in '/home/krel/ros2_ws/src/rs1_lab1'
[0.141s] Level 1:colcon.colcon_core.package_identification:_identify(/home/krel/ros2_ws/src/rs1_lab1) by extensions ['ignore', 'ignore_ament_install']
[0.141s] Level 1:colcon.colcon_core.package_identification:_identify(/home/krel/ros2_ws/src/rs1_lab1) by extension 'ignore'
[0.141s] Level 1:colcon.colcon_core.package_identification:_identify(/home/krel/ros2_ws/src/rs1_lab1) by extension 'ignore_ament_install'
[0.141s] Level 1:colcon.colcon_core.package_identification:_identify(/home/krel/ros2_ws/src/rs1_lab1) by extensions ['colcon_pkg']
[0.142s] Level 1:colcon.colcon_core.package_identification:_identify(/home/krel/ros2_ws/src/rs1_lab1) by extension 'colcon_pkg'
[0.142s] Level 1:colcon.colcon_core.package_identification:_identify(/home/krel/ros2_ws/src/rs1_lab1) by extensions ['colcon_meta']
[0.142s] Level 1:colcon.colcon_core.package_identification:_identify(/home/krel/ros2_ws/src/rs1_lab1) by extension 'colcon_meta'
[0.142s] Level 1:colcon.colcon_core.package_identification:_identify(/home/krel/ros2_ws/src/rs1_lab1) by extensions ['ros']
[0.142s] Level 1:colcon.colcon_core.package_identification:_identify(/home/krel/ros2_ws/src/rs1_lab1) by extension 'ros'
[0.149s] DEBUG:colcon.colcon_core.package_identification:Found ROS schema reference in package manifest in '/home/krel/ros2_ws/src/rs1_lab1'
[0.149s] WARNING:colcon.colcon_core.package_identification:Failed to parse ROS package manifest in '/home/krel/ros2_ws/src/rs1_lab1': Error(s) in package '/home/krel/ros2_ws/src/rs1_lab1/package.xml':
Invalid email "karl.cincollagas@gmail.com>" for person "krel"
[0.149s] Level 1:colcon.colcon_core.package_identification:_identify(/home/krel/ros2_ws/src/rs1_lab1) by extensions ['cmake', 'python']
[0.149s] Level 1:colcon.colcon_core.package_identification:_identify(/home/krel/ros2_ws/src/rs1_lab1) by extension 'cmake'
[0.150s] Level 1:colcon.colcon_core.package_identification:_identify(/home/krel/ros2_ws/src/rs1_lab1) by extension 'python'
[0.150s] DEBUG:colcon.colcon_core.package_identification:Package '/home/krel/ros2_ws/src/rs1_lab1' with type 'cmake' and name 'rs1_lab1'
[0.150s] Level 1:colcon.colcon_core.package_discovery:discover_packages(recursive) using defaults
